2021-07-26 12:27:24.576  INFO 2348 --- [main] c.o.mediscreen.MediscreenApplication     : Starting MediscreenApplication using Java 11.0.3 on MacBook-de-June.local with PID 2348 (/Users/june/Desktop/Mediscreen/build/classes/java/main started by june in /Users/june/Desktop/Mediscreen)
2021-07-26 12:27:24.579  INFO 2348 --- [main] c.o.mediscreen.MediscreenApplication     : No active profile set, falling back to default profiles: default
2021-07-26 12:27:25.546  INFO 2348 --- [main] .s.d.r.c.RepositoryConfigurationDelegate : Bootstrapping Spring Data JPA repositories in DEFAULT mode.
2021-07-26 12:27:25.563  INFO 2348 --- [main] .s.d.r.c.RepositoryConfigurationDelegate : Finished Spring Data repository scanning in 6 ms. Found 0 JPA repository interfaces.
2021-07-26 12:27:26.253  INFO 2348 --- [main] o.s.b.w.embedded.tomcat.TomcatWebServer  : Tomcat initialized with port(s): 8080 (http)
2021-07-26 12:27:26.277  INFO 2348 --- [main] o.apache.catalina.core.StandardService   : Starting service [Tomcat]
2021-07-26 12:27:26.278  INFO 2348 --- [main] org.apache.catalina.core.StandardEngine  : Starting Servlet engine: [Apache Tomcat/9.0.50]
2021-07-26 12:27:26.382  INFO 2348 --- [main] o.a.c.c.C.[Tomcat].[localhost].[/]       : Initializing Spring embedded WebApplicationContext
2021-07-26 12:27:26.382  INFO 2348 --- [main] w.s.c.ServletWebServerApplicationContext : Root WebApplicationContext: initialization completed in 1732 ms
2021-07-26 12:27:26.552  INFO 2348 --- [main] o.hibernate.jpa.internal.util.LogHelper  : HHH000204: Processing PersistenceUnitInfo [name: default]
2021-07-26 12:27:26.707  INFO 2348 --- [main] org.hibernate.Version                    : HHH000412: Hibernate ORM core version 5.4.32.Final
2021-07-26 12:27:26.978  INFO 2348 --- [main] o.hibernate.annotations.common.Version   : HCANN000001: Hibernate Commons Annotations {5.1.2.Final}
2021-07-26 12:27:27.101  INFO 2348 --- [main] com.zaxxer.hikari.HikariDataSource       : HikariPool-1 - Starting...
2021-07-26 12:27:27.575  INFO 2348 --- [main] com.zaxxer.hikari.HikariDataSource       : HikariPool-1 - Start completed.
2021-07-26 12:27:27.602  INFO 2348 --- [main] org.hibernate.dialect.Dialect            : HHH000400: Using dialect: org.hibernate.dialect.MySQL8Dialect
2021-07-26 12:27:28.675  INFO 2348 --- [main] o.h.e.t.j.p.i.JtaPlatformInitiator       : HHH000490: Using JtaPlatform implementation: [org.hibernate.engine.transaction.jta.platform.internal.NoJtaPlatform]
2021-07-26 12:27:28.691  INFO 2348 --- [main] j.LocalContainerEntityManagerFactoryBean : Initialized JPA EntityManagerFactory for persistence unit 'default'
2021-07-26 12:27:29.304  INFO 2348 --- [main] o.s.b.w.embedded.tomcat.TomcatWebServer  : Tomcat started on port(s): 8080 (http) with context path ''
2021-07-26 12:27:29.319  INFO 2348 --- [main] c.o.mediscreen.MediscreenApplication     : Started MediscreenApplication in 5.346 seconds (JVM running for 7.495)
2021-07-26 12:27:52.195  INFO 2348 --- [SpringApplicationShutdownHook] j.LocalContainerEntityManagerFactoryBean : Closing JPA EntityManagerFactory for persistence unit 'default'
2021-07-26 12:27:52.200  INFO 2348 --- [SpringApplicationShutdownHook] com.zaxxer.hikari.HikariDataSource       : HikariPool-1 - Shutdown initiated...
2021-07-26 12:27:52.217  INFO 2348 --- [SpringApplicationShutdownHook] com.zaxxer.hikari.HikariDataSource       : HikariPool-1 - Shutdown completed.
